<?xml version="1.0" encoding="UTF-8"?>
<testsuite xmlns:xsi="http://www.w3.org/2001/XMLSchema-instance" xsi:noNamespaceSchemaLocation="https://maven.apache.org/surefire/maven-surefire-plugin/xsd/surefire-test-report-3.0.xsd" version="3.0" name="com.isuni.pizzacreed.PizzacreedApplicationTests" time="33.838" tests="1" errors="0" skipped="0" failures="0">
  <properties>
[...]
</properties>
  <testcase name="contextLoads" classname="com.isuni.pizzacreed.PizzacreedApplicationTests" time="1.697">
    <system-out><![CDATA[19:15:53.049 [main] INFO org.springframework.test.context.support.AnnotationConfigContextLoaderUtils -- Could not detect default configuration classes for test class [com.isuni.pizzacreed.PizzacreedApplicationTests]: PizzacreedApplicationTests does not declare any static, non-private, non-final, nested classes annotated with @Configuration.
19:15:53.402 [main] INFO org.springframework.boot.test.context.SpringBootTestContextBootstrapper -- Found @SpringBootConfiguration com.isuni.pizzacreed.PizzacreedApplication for test class com.isuni.pizzacreed.PizzacreedApplicationTests
19:15:53.951 [main] INFO org.springframework.boot.devtools.restart.RestartApplicationListener -- Restart disabled due to context in which it is running

  .   ____          _            __ _ _
 /\\ / ___'_ __ _ _(_)_ __  __ _ \ \ \ \
( ( )\___ | '_ | '_| | '_ \/ _` | \ \ \ \
 \\/  ___)| |_)| | | | | || (_| |  ) ) ) )
  '  |____| .__|_| |_|_| |_\__, | / / / /
 =========|_|==============|___/=/_/_/_/
 :: Spring Boot ::                (v3.2.1)

2024-06-02T19:15:54.702+05:30  INFO 6272 --- [           main] c.i.p.PizzacreedApplicationTests         : Starting PizzacreedApplicationTests using Java 17.0.4 with PID 6272 (started by User in I:\pizza-creed-isuni)
2024-06-02T19:15:54.705+05:30  INFO 6272 --- [           main] c.i.p.PizzacreedApplicationTests         : No active profile set, falling back to 1 default profile: "default"
2024-06-02T19:15:58.649+05:30  INFO 6272 --- [           main] .s.d.r.c.RepositoryConfigurationDelegate : Bootstrapping Spring Data JPA repositories in DEFAULT mode.
2024-06-02T19:15:58.854+05:30  INFO 6272 --- [           main] .s.d.r.c.RepositoryConfigurationDelegate : Finished Spring Data repository scanning in 183 ms. Found 4 JPA repository interfaces.
2024-06-02T19:16:02.857+05:30  INFO 6272 --- [           main] o.hibernate.jpa.internal.util.LogHelper  : HHH000204: Processing PersistenceUnitInfo [name: default]
2024-06-02T19:16:03.257+05:30  INFO 6272 --- [           main] org.hibernate.Version                    : HHH000412: Hibernate ORM core version 6.4.1.Final
2024-06-02T19:16:03.457+05:30  INFO 6272 --- [           main] o.h.c.internal.RegionFactoryInitiator    : HHH000026: Second-level cache disabled
2024-06-02T19:16:04.029+05:30 DEBUG 6272 --- [           main] org.hibernate.type.BasicTypeRegistry     : Adding type registration boolean -> org.hibernate.type.BasicTypeReference@591be8aa
2024-06-02T19:16:04.029+05:30 DEBUG 6272 --- [           main] org.hibernate.type.BasicTypeRegistry     : Adding type registration boolean -> org.hibernate.type.BasicTypeReference@591be8aa
2024-06-02T19:16:04.030+05:30 DEBUG 6272 --- [           main] org.hibernate.type.BasicTypeRegistry     : Adding type registration java.lang.Boolean -> org.hibernate.type.BasicTypeReference@591be8aa
2024-06-02T19:16:04.030+05:30 DEBUG 6272 --- [           main] org.hibernate.type.BasicTypeRegistry     : Adding type registration numeric_boolean -> org.hibernate.type.BasicTypeReference@61808ecd
2024-06-02T19:16:04.030+05:30 DEBUG 6272 --- [           main] org.hibernate.type.BasicTypeRegistry     : Adding type registration org.hibernate.type.NumericBooleanConverter -> org.hibernate.type.BasicTypeReference@61808ecd
2024-06-02T19:16:04.030+05:30 DEBUG 6272 --- [           main] org.hibernate.type.BasicTypeRegistry     : Adding type registration true_false -> org.hibernate.type.BasicTypeReference@7f1f60a0
2024-06-02T19:16:04.031+05:30 DEBUG 6272 --- [           main] org.hibernate.type.BasicTypeRegistry     : Adding type registration org.hibernate.type.TrueFalseConverter -> org.hibernate.type.BasicTypeReference@7f1f60a0
2024-06-02T19:16:04.031+05:30 DEBUG 6272 --- [           main] org.hibernate.type.BasicTypeRegistry     : Adding type registration yes_no -> org.hibernate.type.BasicTypeReference@77ea806f
2024-06-02T19:16:04.031+05:30 DEBUG 6272 --- [           main] org.hibernate.type.BasicTypeRegistry     : Adding type registration org.hibernate.type.YesNoConverter -> org.hibernate.type.BasicTypeReference@77ea806f
2024-06-02T19:16:04.031+05:30 DEBUG 6272 --- [           main] org.hibernate.type.BasicTypeRegistry     : Adding type registration byte -> org.hibernate.type.BasicTypeReference@71b26880
2024-06-02T19:16:04.032+05:30 DEBUG 6272 --- [           main] org.hibernate.type.BasicTypeRegistry     : Adding type registration byte -> org.hibernate.type.BasicTypeReference@71b26880
2024-06-02T19:16:04.032+05:30 DEBUG 6272 --- [           main] org.hibernate.type.BasicTypeRegistry     : Adding type registration java.lang.Byte -> org.hibernate.type.BasicTypeReference@71b26880
2024-06-02T19:16:04.033+05:30 DEBUG 6272 --- [           main] org.hibernate.type.BasicTypeRegistry     : Adding type registration binary -> org.hibernate.type.BasicTypeReference@14a1769d
2024-06-02T19:16:04.033+05:30 DEBUG 6272 --- [           main] org.hibernate.type.BasicTypeRegistry     : Adding type registration byte[] -> org.hibernate.type.BasicTypeReference@14a1769d
2024-06-02T19:16:04.034+05:30 DEBUG 6272 --- [           main] org.hibernate.type.BasicTypeRegistry     : Adding type registration [B -> org.hibernate.type.BasicTypeReference@14a1769d
2024-06-02T19:16:04.034+05:30 DEBUG 6272 --- [           main] org.hibernate.type.BasicTypeRegistry     : Adding type registration binary_wrapper -> org.hibernate.type.BasicTypeReference@516195cf
2024-06-02T19:16:04.034+05:30 DEBUG 6272 --- [           main] org.hibernate.type.BasicTypeRegistry     : Adding type registration wrapper-binary -> org.hibernate.type.BasicTypeReference@516195cf
2024-06-02T19:16:04.054+05:30 DEBUG 6272 --- [           main] org.hibernate.type.BasicTypeRegistry     : Adding type registration image -> org.hibernate.type.BasicTypeReference@4eeb14e0
2024-06-02T19:16:04.054+05:30 DEBUG 6272 --- [           main] org.hibernate.type.BasicTypeRegistry     : Adding type registration blob -> org.hibernate.type.BasicTypeReference@26ca12a2
2024-06-02T19:16:04.055+05:30 DEBUG 6272 --- [           main] org.hibernate.type.BasicTypeRegistry     : Adding type registration java.sql.Blob -> org.hibernate.type.BasicTypeReference@26ca12a2
2024-06-02T19:16:04.055+05:30 DEBUG 6272 --- [           main] org.hibernate.type.BasicTypeRegistry     : Adding type registration materialized_blob -> org.hibernate.type.BasicTypeReference@3d4ecc67
2024-06-02T19:16:04.055+05:30 DEBUG 6272 --- [           main] org.hibernate.type.BasicTypeRegistry     : Adding type registration materialized_blob_wrapper -> org.hibernate.type.BasicTypeReference@60dcf9ec
2024-06-02T19:16:04.055+05:30 DEBUG 6272 --- [           main] org.hibernate.type.BasicTypeRegistry     : Adding type registration short -> org.hibernate.type.BasicTypeReference@7606bd03
2024-06-02T19:16:04.056+05:30 DEBUG 6272 --- [           main] org.hibernate.type.BasicTypeRegistry     : Adding type registration short -> org.hibernate.type.BasicTypeReference@7606bd03
2024-06-02T19:16:04.057+05:30 DEBUG 6272 --- [           main] org.hibernate.type.BasicTypeRegistry     : Adding type registration java.lang.Short -> org.hibernate.type.BasicTypeReference@7606bd03
2024-06-02T19:16:04.066+05:30 DEBUG 6272 --- [           main] org.hibernate.type.BasicTypeRegistry     : Adding type registration integer -> org.hibernate.type.BasicTypeReference@afee63
2024-06-02T19:16:04.067+05:30 DEBUG 6272 --- [           main] org.hibernate.type.BasicTypeRegistry     : Adding type registration int -> org.hibernate.type.BasicTypeReference@afee63
2024-06-02T19:16:04.068+05:30 DEBUG 6272 --- [           main] org.hibernate.type.BasicTypeRegistry     : Adding type registration java.lang.Integer -> org.hibernate.type.BasicTypeReference@afee63
2024-06-02T19:16:04.069+05:30 DEBUG 6272 --- [           main] org.hibernate.type.BasicTypeRegistry     : Adding type registration long -> org.hibernate.type.BasicTypeReference@4b4927e5
2024-06-02T19:16:04.069+05:30 DEBUG 6272 --- [           main] org.hibernate.type.BasicTypeRegistry     : Adding type registration long -> org.hibernate.type.BasicTypeReference@4b4927e5
2024-06-02T19:16:04.092+05:30 DEBUG 6272 --- [           main] org.hibernate.type.BasicTypeRegistry     : Adding type registration java.lang.Long -> org.hibernate.type.BasicTypeReference@4b4927e5
2024-06-02T19:16:04.093+05:30 DEBUG 6272 --- [           main] org.hibernate.type.BasicTypeRegistry     : Adding type registration float -> org.hibernate.type.BasicTypeReference@4c5da4f9
2024-06-02T19:16:04.094+05:30 DEBUG 6272 --- [           main] org.hibernate.type.BasicTypeRegistry     : Adding type registration float -> org.hibernate.type.BasicTypeReference@4c5da4f9
2024-06-02T19:16:04.095+05:30 DEBUG 6272 --- [           main] org.hibernate.type.BasicTypeRegistry     : Adding type registration java.lang.Float -> org.hibernate.type.BasicTypeReference@4c5da4f9
2024-06-02T19:16:04.097+05:30 DEBUG 6272 --- [           main] org.hibernate.type.BasicTypeRegistry     : Adding type registration double -> org.hibernate.type.BasicTypeReference@ff0e6d4
2024-06-02T19:16:04.099+05:30 DEBUG 6272 --- [           main] org.hibernate.type.BasicTypeRegistry     : Adding type registration double -> org.hibernate.type.BasicTypeReference@ff0e6d4
2024-06-02T19:16:04.099+05:30 DEBUG 6272 --- [           main] org.hibernate.type.BasicTypeRegistry     : Adding type registration java.lang.Double -> org.hibernate.type.BasicTypeReference@ff0e6d4
2024-06-02T19:16:04.099+05:30 DEBUG 6272 --- [           main] org.hibernate.type.BasicTypeRegistry     : Adding type registration big_integer -> org.hibernate.type.BasicTypeReference@70d3cdbf
2024-06-02T19:16:04.099+05:30 DEBUG 6272 --- [           main] org.hibernate.type.BasicTypeRegistry     : Adding type registration java.math.BigInteger -> org.hibernate.type.BasicTypeReference@70d3cdbf
2024-06-02T19:16:04.100+05:30 DEBUG 6272 --- [           main] org.hibernate.type.BasicTypeRegistry     : Adding type registration big_decimal -> org.hibernate.type.BasicTypeReference@72a7aa4f
2024-06-02T19:16:04.100+05:30 DEBUG 6272 --- [           main] org.hibernate.type.BasicTypeRegistry     : Adding type registration java.math.BigDecimal -> org.hibernate.type.BasicTypeReference@72a7aa4f
2024-06-02T19:16:04.103+05:30 DEBUG 6272 --- [           main] org.hibernate.type.BasicTypeRegistry     : Adding type registration character -> org.hibernate.type.BasicTypeReference@537ca28e
2024-06-02T19:16:04.104+05:30 DEBUG 6272 --- [           main] org.hibernate.type.BasicTypeRegistry     : Adding type registration char -> org.hibernate.type.BasicTypeReference@537ca28e
2024-06-02T19:16:04.104+05:30 DEBUG 6272 --- [           main] org.hibernate.type.BasicTypeRegistry     : Adding type registration java.lang.Character -> org.hibernate.type.BasicTypeReference@537ca28e
2024-06-02T19:16:04.104+05:30 DEBUG 6272 --- [           main] org.hibernate.type.BasicTypeRegistry     : Adding type registration character_nchar -> org.hibernate.type.BasicTypeReference@5b322873
2024-06-02T19:16:04.105+05:30 DEBUG 6272 --- [           main] org.hibernate.type.BasicTypeRegistry     : Adding type registration string -> org.hibernate.type.BasicTypeReference@35e2b89f
2024-06-02T19:16:04.119+05:30 DEBUG 6272 --- [           main] org.hibernate.type.BasicTypeRegistry     : Adding type registration java.lang.String -> org.hibernate.type.BasicTypeReference@35e2b89f
2024-06-02T19:16:04.119+05:30 DEBUG 6272 --- [           main] org.hibernate.type.BasicTypeRegistry     : Adding type registration nstring -> org.hibernate.type.BasicTypeReference@7ad889be
2024-06-02T19:16:04.119+05:30 DEBUG 6272 --- [           main] org.hibernate.type.BasicTypeRegistry     : Adding type registration characters -> org.hibernate.type.BasicTypeReference@4c063cb9
2024-06-02T19:16:04.120+05:30 DEBUG 6272 --- [           main] org.hibernate.type.BasicTypeRegistry     : Adding type registration char[] -> org.hibernate.type.BasicTypeReference@4c063cb9
2024-06-02T19:16:04.120+05:30 DEBUG 6272 --- [           main] org.hibernate.type.BasicTypeRegistry     : Adding type registration [C -> org.hibernate.type.BasicTypeReference@4c063cb9
2024-06-02T19:16:04.121+05:30 DEBUG 6272 --- [           main] org.hibernate.type.BasicTypeRegistry     : Adding type registration wrapper-characters -> org.hibernate.type.BasicTypeReference@63de4fa
2024-06-02T19:16:04.121+05:30 DEBUG 6272 --- [           main] org.hibernate.type.BasicTypeRegistry     : Adding type registration text -> org.hibernate.type.BasicTypeReference@26bb92e2
2024-06-02T19:16:04.121+05:30 DEBUG 6272 --- [           main] org.hibernate.type.BasicTypeRegistry     : Adding type registration ntext -> org.hibernate.type.BasicTypeReference@18907af2
2024-06-02T19:16:04.122+05:30 DEBUG 6272 --- [           main] org.hibernate.type.BasicTypeRegistry     : Adding type registration clob -> org.hibernate.type.BasicTypeReference@658e7ead
2024-06-02T19:16:04.122+05:30 DEBUG 6272 --- [           main] org.hibernate.type.BasicTypeRegistry     : Adding type registration java.sql.Clob -> org.hibernate.type.BasicTypeReference@658e7ead
2024-06-02T19:16:04.122+05:30 DEBUG 6272 --- [           main] org.hibernate.type.BasicTypeRegistry     : Adding type registration nclob -> org.hibernate.type.BasicTypeReference@cfd5cd2
2024-06-02T19:16:04.123+05:30 DEBUG 6272 --- [           main] org.hibernate.type.BasicTypeRegistry     : Adding type registration java.sql.NClob -> org.hibernate.type.BasicTypeReference@cfd5cd2
2024-06-02T19:16:04.123+05:30 DEBUG 6272 --- [           main] org.hibernate.type.BasicTypeRegistry     : Adding type registration materialized_clob -> org.hibernate.type.BasicTypeReference@762bf32d
2024-06-02T19:16:04.123+05:30 DEBUG 6272 --- [           main] org.hibernate.type.BasicTypeRegistry     : Adding type registration materialized_clob_char_array -> org.hibernate.type.BasicTypeReference@6d7740f0
2024-06-02T19:16:04.124+05:30 DEBUG 6272 --- [           main] org.hibernate.type.BasicTypeRegistry     : Adding type registration materialized_clob_character_array -> org.hibernate.type.BasicTypeReference@7b1a30e5
2024-06-02T19:16:04.124+05:30 DEBUG 6272 --- [           main] org.hibernate.type.BasicTypeRegistry     : Adding type registration materialized_nclob -> org.hibernate.type.BasicTypeReference@1de7f898
2024-06-02T19:16:04.124+05:30 DEBUG 6272 --- [           main] org.hibernate.type.BasicTypeRegistry     : Adding type registration materialized_nclob_character_array -> org.hibernate.type.BasicTypeReference@34fcd292
2024-06-02T19:16:04.124+05:30 DEBUG 6272 --- [           main] org.hibernate.type.BasicTypeRegistry     : Adding type registration materialized_nclob_char_array -> org.hibernate.type.BasicTypeReference@63db743d
2024-06-02T19:16:04.125+05:30 DEBUG 6272 --- [           main] org.hibernate.type.BasicTypeRegistry     : Adding type registration Duration -> org.hibernate.type.BasicTypeReference@496cedbb
2024-06-02T19:16:04.126+05:30 DEBUG 6272 --- [           main] org.hibernate.type.BasicTypeRegistry     : Adding type registration java.time.Duration -> org.hibernate.type.BasicTypeReference@496cedbb
2024-06-02T19:16:04.126+05:30 DEBUG 6272 --- [           main] org.hibernate.type.BasicTypeRegistry     : Adding type registration LocalDateTime -> org.hibernate.type.BasicTypeReference@6b6def36
2024-06-02T19:16:04.126+05:30 DEBUG 6272 --- [           main] org.hibernate.type.BasicTypeRegistry     : Adding type registration java.time.LocalDateTime -> org.hibernate.type.BasicTypeReference@6b6def36
2024-06-02T19:16:04.126+05:30 DEBUG 6272 --- [           main] org.hibernate.type.BasicTypeRegistry     : Adding type registration LocalDate -> org.hibernate.type.BasicTypeReference@3957d88b
2024-06-02T19:16:04.127+05:30 DEBUG 6272 --- [           main] org.hibernate.type.BasicTypeRegistry     : Adding type registration java.time.LocalDate -> org.hibernate.type.BasicTypeReference@3957d88b
2024-06-02T19:16:04.128+05:30 DEBUG 6272 --- [           main] org.hibernate.type.BasicTypeRegistry     : Adding type registration LocalTime -> org.hibernate.type.BasicTypeReference@1152900
2024-06-02T19:16:04.128+05:30 DEBUG 6272 --- [           main] org.hibernate.type.BasicTypeRegistry     : Adding type registration java.time.LocalTime -> org.hibernate.type.BasicTypeReference@1152900
2024-06-02T19:16:04.131+05:30 DEBUG 6272 --- [           main] org.hibernate.type.BasicTypeRegistry     : Adding type registration OffsetDateTime -> org.hibernate.type.BasicTypeReference@2fba0dac
2024-06-02T19:16:04.135+05:30 DEBUG 6272 --- [           main] org.hibernate.type.BasicTypeRegistry     : Adding type registration java.time.OffsetDateTime -> org.hibernate.type.BasicTypeReference@2fba0dac
2024-06-02T19:16:04.135+05:30 DEBUG 6272 --- [           main] org.hibernate.type.BasicTypeRegistry     : Adding type registration OffsetDateTimeWithTimezone -> org.hibernate.type.BasicTypeReference@2b2a4332
2024-06-02T19:16:04.137+05:30 DEBUG 6272 --- [           main] org.hibernate.type.BasicTypeRegistry     : Adding type registration OffsetDateTimeWithoutTimezone -> org.hibernate.type.BasicTypeReference@2cbe455c
2024-06-02T19:16:04.138+05:30 DEBUG 6272 --- [           main] org.hibernate.type.BasicTypeRegistry     : Adding type registration OffsetTime -> org.hibernate.type.BasicTypeReference@4cb24e2
2024-06-02T19:16:04.138+05:30 DEBUG 6272 --- [           main] org.hibernate.type.BasicTypeRegistry     : Adding type registration java.time.OffsetTime -> org.hibernate.type.BasicTypeReference@4cb24e2
2024-06-02T19:16:04.138+05:30 DEBUG 6272 --- [           main] org.hibernate.type.BasicTypeRegistry     : Adding type registration OffsetTimeUtc -> org.hibernate.type.BasicTypeReference@7be38eba
2024-06-02T19:16:04.139+05:30 DEBUG 6272 --- [           main] org.hibernate.type.BasicTypeRegistry     : Adding type registration OffsetTimeWithTimezone -> org.hibernate.type.BasicTypeReference@2296127
2024-06-02T19:16:04.139+05:30 DEBUG 6272 --- [           main] org.hibernate.type.BasicTypeRegistry     : Adding type registration OffsetTimeWithoutTimezone -> org.hibernate.type.BasicTypeReference@5ce3409b
2024-06-02T19:16:04.140+05:30 DEBUG 6272 --- [           main] org.hibernate.type.BasicTypeRegistry     : Adding type registration ZonedDateTime -> org.hibernate.type.BasicTypeReference@1d283d1
2024-06-02T19:16:04.140+05:30 DEBUG 6272 --- [           main] org.hibernate.type.BasicTypeRegistry     : Adding type registration java.time.ZonedDateTime -> org.hibernate.type.BasicTypeReference@1d283d1
2024-06-02T19:16:04.142+05:30 DEBUG 6272 --- [           main] org.hibernate.type.BasicTypeRegistry     : Adding type registration ZonedDateTimeWithTimezone -> org.hibernate.type.BasicTypeReference@66234b0f
2024-06-02T19:16:04.142+05:30 DEBUG 6272 --- [           main] org.hibernate.type.BasicTypeRegistry     : Adding type registration ZonedDateTimeWithoutTimezone -> org.hibernate.type.BasicTypeReference@2fca3eb5
2024-06-02T19:16:04.143+05:30 DEBUG 6272 --- [           main] org.hibernate.type.BasicTypeRegistry     : Adding type registration date -> org.hibernate.type.BasicTypeReference@69eb544f
2024-06-02T19:16:04.143+05:30 DEBUG 6272 --- [           main] org.hibernate.type.BasicTypeRegistry     : Adding type registration java.sql.Date -> org.hibernate.type.BasicTypeReference@69eb544f
2024-06-02T19:16:04.143+05:30 DEBUG 6272 --- [           main] org.hibernate.type.BasicTypeRegistry     : Adding type registration time -> org.hibernate.type.BasicTypeReference@7cb29ea8
2024-06-02T19:16:04.144+05:30 DEBUG 6272 --- [           main] org.hibernate.type.BasicTypeRegistry     : Adding type registration java.sql.Time -> org.hibernate.type.BasicTypeReference@7cb29ea8
2024-06-02T19:16:04.144+05:30 DEBUG 6272 --- [           main] org.hibernate.type.BasicTypeRegistry     : Adding type registration timestamp -> org.hibernate.type.BasicTypeReference@b5c902
2024-06-02T19:16:04.144+05:30 DEBUG 6272 --- [           main] org.hibernate.type.BasicTypeRegistry     : Adding type registration java.sql.Timestamp -> org.hibernate.type.BasicTypeReference@b5c902
2024-06-02T19:16:04.145+05:30 DEBUG 6272 --- [           main] org.hibernate.type.BasicTypeRegistry     : Adding type registration java.util.Date -> org.hibernate.type.BasicTypeReference@b5c902
2024-06-02T19:16:04.145+05:30 DEBUG 6272 --- [           main] org.hibernate.type.BasicTypeRegistry     : Adding type registration calendar -> org.hibernate.type.BasicTypeReference@7e747037
2024-06-02T19:16:04.145+05:30 DEBUG 6272 --- [           main] org.hibernate.type.BasicTypeRegistry     : Adding type registration java.util.Calendar -> org.hibernate.type.BasicTypeReference@7e747037
2024-06-02T19:16:04.146+05:30 DEBUG 6272 --- [           main] org.hibernate.type.BasicTypeRegistry     : Adding type registration java.util.GregorianCalendar -> org.hibernate.type.BasicTypeReference@7e747037
2024-06-02T19:16:04.147+05:30 DEBUG 6272 --- [           main] org.hibernate.type.BasicTypeRegistry     : Adding type registration calendar_date -> org.hibernate.type.BasicTypeReference@4d0e1a9a
2024-06-02T19:16:04.147+05:30 DEBUG 6272 --- [           main] org.hibernate.type.BasicTypeRegistry     : Adding type registration calendar_time -> org.hibernate.type.BasicTypeReference@25218a4d
2024-06-02T19:16:04.148+05:30 DEBUG 6272 --- [           main] org.hibernate.type.BasicTypeRegistry     : Adding type registration instant -> org.hibernate.type.BasicTypeReference@bf2aa32
2024-06-02T19:16:04.148+05:30 DEBUG 6272 --- [           main] org.hibernate.type.BasicTypeRegistry     : Adding type registration java.time.Instant -> org.hibernate.type.BasicTypeReference@bf2aa32
2024-06-02T19:16:04.148+05:30 DEBUG 6272 --- [           main] org.hibernate.type.BasicTypeRegistry     : Adding type registration uuid -> org.hibernate.type.BasicTypeReference@56da96b3
2024-06-02T19:16:04.148+05:30 DEBUG 6272 --- [           main] org.hibernate.type.BasicTypeRegistry     : Adding type registration java.util.UUID -> org.hibernate.type.BasicTypeReference@56da96b3
2024-06-02T19:16:04.149+05:30 DEBUG 6272 --- [           main] org.hibernate.type.BasicTypeRegistry     : Adding type registration pg-uuid -> org.hibernate.type.BasicTypeReference@56da96b3
2024-06-02T19:16:04.150+05:30 DEBUG 6272 --- [           main] org.hibernate.type.BasicTypeRegistry     : Adding type registration uuid-binary -> org.hibernate.type.BasicTypeReference@6b3d9c38
2024-06-02T19:16:04.202+05:30 DEBUG 6272 --- [           main] org.hibernate.type.BasicTypeRegistry     : Adding type registration uuid-char -> org.hibernate.type.BasicTypeReference@426710f0
2024-06-02T19:16:04.202+05:30 DEBUG 6272 --- [           main] org.hibernate.type.BasicTypeRegistry     : Adding type registration class -> org.hibernate.type.BasicTypeReference@5c5a91b4
2024-06-02T19:16:04.202+05:30 DEBUG 6272 --- [           main] org.hibernate.type.BasicTypeRegistry     : Adding type registration java.lang.Class -> org.hibernate.type.BasicTypeReference@5c5a91b4
2024-06-02T19:16:04.202+05:30 DEBUG 6272 --- [           main] org.hibernate.type.BasicTypeRegistry     : Adding type registration currency -> org.hibernate.type.BasicTypeReference@5e37fb82
2024-06-02T19:16:04.204+05:30 DEBUG 6272 --- [           main] org.hibernate.type.BasicTypeRegistry     : Adding type registration Currency -> org.hibernate.type.BasicTypeReference@5e37fb82
2024-06-02T19:16:04.204+05:30 DEBUG 6272 --- [           main] org.hibernate.type.BasicTypeRegistry     : Adding type registration java.util.Currency -> org.hibernate.type.BasicTypeReference@5e37fb82
2024-06-02T19:16:04.205+05:30 DEBUG 6272 --- [           main] org.hibernate.type.BasicTypeRegistry     : Adding type registration locale -> org.hibernate.type.BasicTypeReference@59ec7020
2024-06-02T19:16:04.205+05:30 DEBUG 6272 --- [           main] org.hibernate.type.BasicTypeRegistry     : Adding type registration java.util.Locale -> org.hibernate.type.BasicTypeReference@59ec7020
2024-06-02T19:16:04.205+05:30 DEBUG 6272 --- [           main] org.hibernate.type.BasicTypeRegistry     : Adding type registration serializable -> org.hibernate.type.BasicTypeReference@23f60b7d
2024-06-02T19:16:04.205+05:30 DEBUG 6272 --- [           main] org.hibernate.type.BasicTypeRegistry     : Adding type registration java.io.Serializable -> org.hibernate.type.BasicTypeReference@23f60b7d
2024-06-02T19:16:04.206+05:30 DEBUG 6272 --- [           main] org.hibernate.type.BasicTypeRegistry     : Adding type registration timezone -> org.hibernate.type.BasicTypeReference@2ba9f986
2024-06-02T19:16:04.206+05:30 DEBUG 6272 --- [           main] org.hibernate.type.BasicTypeRegistry     : Adding type registration java.util.TimeZone -> org.hibernate.type.BasicTypeReference@2ba9f986
2024-06-02T19:16:04.206+05:30 DEBUG 6272 --- [           main] org.hibernate.type.BasicTypeRegistry     : Adding type registration ZoneOffset -> org.hibernate.type.BasicTypeReference@4aa3fc9a
2024-06-02T19:16:04.206+05:30 DEBUG 6272 --- [           main] org.hibernate.type.BasicTypeRegistry     : Adding type registration java.time.ZoneOffset -> org.hibernate.type.BasicTypeReference@4aa3fc9a
2024-06-02T19:16:04.207+05:30 DEBUG 6272 --- [           main] org.hibernate.type.BasicTypeRegistry     : Adding type registration url -> org.hibernate.type.BasicTypeReference@70f4f89e
2024-06-02T19:16:04.207+05:30 DEBUG 6272 --- [           main] org.hibernate.type.BasicTypeRegistry     : Adding type registration java.net.URL -> org.hibernate.type.BasicTypeReference@70f4f89e
2024-06-02T19:16:04.207+05:30 DEBUG 6272 --- [           main] org.hibernate.type.BasicTypeRegistry     : Adding type registration vector -> org.hibernate.type.BasicTypeReference@634aa81e
2024-06-02T19:16:04.208+05:30 DEBUG 6272 --- [           main] org.hibernate.type.BasicTypeRegistry     : Adding type registration row_version -> org.hibernate.type.BasicTypeReference@74b1838
2024-06-02T19:16:04.226+05:30 DEBUG 6272 --- [           main] org.hibernate.type.BasicTypeRegistry     : Adding type registration object -> org.hibernate.type.JavaObjectType@61ab6521
2024-06-02T19:16:04.226+05:30 DEBUG 6272 --- [           main] org.hibernate.type.BasicTypeRegistry     : Adding type registration java.lang.Object -> org.hibernate.type.JavaObjectType@61ab6521
2024-06-02T19:16:04.229+05:30 DEBUG 6272 --- [           main] org.hibernate.type.BasicTypeRegistry     : Adding type registration null -> org.hibernate.type.NullType@6546371
2024-06-02T19:16:04.230+05:30 DEBUG 6272 --- [           main] org.hibernate.type.BasicTypeRegistry     : Adding type registration imm_date -> org.hibernate.type.BasicTypeReference@2b458cd6
2024-06-02T19:16:04.231+05:30 DEBUG 6272 --- [           main] org.hibernate.type.BasicTypeRegistry     : Adding type registration imm_time -> org.hibernate.type.BasicTypeReference@4c2c44e8
2024-06-02T19:16:04.231+05:30 DEBUG 6272 --- [           main] org.hibernate.type.BasicTypeRegistry     : Adding type registration imm_timestamp -> org.hibernate.type.BasicTypeReference@7103745
2024-06-02T19:16:04.231+05:30 DEBUG 6272 --- [           main] org.hibernate.type.BasicTypeRegistry     : Adding type registration imm_calendar -> org.hibernate.type.BasicTypeReference@227a933d
2024-06-02T19:16:04.231+05:30 DEBUG 6272 --- [           main] org.hibernate.type.BasicTypeRegistry     : Adding type registration imm_calendar_date -> org.hibernate.type.BasicTypeReference@25de8898
2024-06-02T19:16:04.232+05:30 DEBUG 6272 --- [           main] org.hibernate.type.BasicTypeRegistry     : Adding type registration imm_calendar_time -> org.hibernate.type.BasicTypeReference@bfb93cf
2024-06-02T19:16:04.232+05:30 DEBUG 6272 --- [           main] org.hibernate.type.BasicTypeRegistry     : Adding type registration imm_binary -> org.hibernate.type.BasicTypeReference@dd737ea
2024-06-02T19:16:04.232+05:30 DEBUG 6272 --- [           main] org.hibernate.type.BasicTypeRegistry     : Adding type registration imm_serializable -> org.hibernate.type.BasicTypeReference@7bc2ae16
2024-06-02T19:16:05.102+05:30  INFO 6272 --- [           main] o.s.o.j.p.SpringPersistenceUnitInfo      : No LoadTimeWeaver setup: ignoring JPA class transformer
2024-06-02T19:16:05.184+05:30  INFO 6272 --- [           main] com.zaxxer.hikari.HikariDataSource       : HikariPool-1 - Starting...
2024-06-02T19:16:06.948+05:30  INFO 6272 --- [           main] com.zaxxer.hikari.pool.HikariPool        : HikariPool-1 - Added connection com.mysql.cj.jdbc.ConnectionImpl@323efafe
2024-06-02T19:16:06.960+05:30  INFO 6272 --- [           main] com.zaxxer.hikari.HikariDataSource       : HikariPool-1 - Start completed.
2024-06-02T19:16:07.265+05:30  WARN 6272 --- [           main] org.hibernate.orm.deprecation            : HHH90000025: MySQL8Dialect does not need to be specified explicitly using 'hibernate.dialect' (remove the property setting and it will be selected by default)
2024-06-02T19:16:07.267+05:30  WARN 6272 --- [           main] org.hibernate.orm.deprecation            : HHH90000026: MySQL8Dialect has been deprecated; use org.hibernate.dialect.MySQLDialect instead
2024-06-02T19:16:07.417+05:30 DEBUG 6272 --- [           main] o.h.t.d.sql.spi.DdlTypeRegistry          : addDescriptor(12, org.hibernate.type.descriptor.sql.internal.CapacityDependentDdlType@6ef4297d) replaced previous registration(org.hibernate.type.descriptor.sql.internal.CapacityDependentDdlType@4c000cc4)
2024-06-02T19:16:07.418+05:30 DEBUG 6272 --- [           main] o.h.t.d.sql.spi.DdlTypeRegistry          : addDescriptor(-9, org.hibernate.type.descriptor.sql.internal.CapacityDependentDdlType@6c36051c) replaced previous registration(org.hibernate.type.descriptor.sql.internal.CapacityDependentDdlType@45d46254)
2024-06-02T19:16:07.418+05:30 DEBUG 6272 --- [           main] o.h.t.d.sql.spi.DdlTypeRegistry          : addDescriptor(-3, org.hibernate.type.descriptor.sql.internal.CapacityDependentDdlType@a240452) replaced previous registration(org.hibernate.type.descriptor.sql.internal.CapacityDependentDdlType@460e5ffe)
2024-06-02T19:16:07.418+05:30 DEBUG 6272 --- [           main] o.h.t.d.sql.spi.DdlTypeRegistry          : addDescriptor(4003, org.hibernate.type.descriptor.sql.internal.DdlTypeImpl@1a4cbcc6) replaced previous registration(org.hibernate.type.descriptor.sql.internal.DdlTypeImpl@7cecab19)
2024-06-02T19:16:07.418+05:30 DEBUG 6272 --- [           main] o.h.t.d.sql.spi.DdlTypeRegistry          : addDescriptor(4001, org.hibernate.type.descriptor.sql.internal.DdlTypeImpl@56402642) replaced previous registration(org.hibernate.type.descriptor.sql.internal.DdlTypeImpl@620572db)
2024-06-02T19:16:07.419+05:30 DEBUG 6272 --- [           main] o.h.t.d.sql.spi.DdlTypeRegistry          : addDescriptor(4002, org.hibernate.type.descriptor.sql.internal.DdlTypeImpl@1d5048d1) replaced previous registration(org.hibernate.type.descriptor.sql.internal.DdlTypeImpl@47d9c01)
2024-06-02T19:16:07.419+05:30 DEBUG 6272 --- [           main] o.h.t.d.sql.spi.DdlTypeRegistry          : addDescriptor(2004, org.hibernate.type.descriptor.sql.internal.CapacityDependentDdlType@5358c8fa) replaced previous registration(org.hibernate.type.descriptor.sql.internal.DdlTypeImpl@1a02ebe0)
2024-06-02T19:16:07.419+05:30 DEBUG 6272 --- [           main] o.h.t.d.sql.spi.DdlTypeRegistry          : addDescriptor(2005, org.hibernate.type.descriptor.sql.internal.CapacityDependentDdlType@58b3eb1) replaced previous registration(org.hibernate.type.descriptor.sql.internal.DdlTypeImpl@6d7e2795)
2024-06-02T19:16:07.419+05:30 DEBUG 6272 --- [           main] o.h.t.d.sql.spi.DdlTypeRegistry          : addDescriptor(2011, org.hibernate.type.descriptor.sql.internal.CapacityDependentDdlType@78743dd8) replaced previous registration(org.hibernate.type.descriptor.sql.internal.DdlTypeImpl@752494dd)
2024-06-02T19:16:07.440+05:30 DEBUG 6272 --- [           main] o.h.t.d.jdbc.spi.JdbcTypeRegistry        : addDescriptor(NCharTypeDescriptor) replaced previous registration(CharTypeDescriptor)
2024-06-02T19:16:07.441+05:30 DEBUG 6272 --- [           main] o.h.t.d.jdbc.spi.JdbcTypeRegistry        : addDescriptor(NVarcharTypeDescriptor) replaced previous registration(VarcharTypeDescriptor)
2024-06-02T19:16:07.442+05:30 DEBUG 6272 --- [           main] o.h.t.d.jdbc.spi.JdbcTypeRegistry        : addDescriptor(LongNVarcharTypeDescriptor) replaced previous registration(LongVarcharTypeDescriptor)
2024-06-02T19:16:07.477+05:30 DEBUG 6272 --- [           main] o.h.t.d.jdbc.spi.JdbcTypeRegistry        : addDescriptor(NClobTypeDescriptor(DEFAULT)) replaced previous registration(ClobTypeDescriptor(DEFAULT))
2024-06-02T19:16:07.478+05:30 DEBUG 6272 --- [           main] o.h.t.d.jdbc.spi.JdbcTypeRegistry        : addDescriptor(2005, ClobTypeDescriptor(STREAM_BINDING)) replaced previous registration(ClobTypeDescriptor(DEFAULT))
2024-06-02T19:16:07.488+05:30 DEBUG 6272 --- [           main] org.hibernate.type.BasicTypeRegistry     : Adding type registration null -> org.hibernate.type.NullType@7e76a66f
2024-06-02T19:16:07.488+05:30 DEBUG 6272 --- [           main] org.hibernate.type.BasicTypeRegistry     : Type registration key [null] overrode previous entry : `org.hibernate.type.NullType@6546371`
2024-06-02T19:16:07.575+05:30 DEBUG 6272 --- [           main] org.hibernate.type.BasicTypeRegistry     : Adding type registration org.hibernate.type.DurationType -> basicType@1(java.time.Duration,2)
2024-06-02T19:16:07.575+05:30 DEBUG 6272 --- [           main] org.hibernate.type.BasicTypeRegistry     : Adding type registration Duration -> basicType@1(java.time.Duration,2)
2024-06-02T19:16:07.575+05:30 DEBUG 6272 --- [           main] org.hibernate.type.BasicTypeRegistry     : Adding type registration java.time.Duration -> basicType@1(java.time.Duration,2)
2024-06-02T19:16:07.585+05:30 DEBUG 6272 --- [           main] org.hibernate.type.BasicTypeRegistry     : Adding type registration org.hibernate.type.OffsetDateTimeType -> basicType@2(java.time.OffsetDateTime,3003)
2024-06-02T19:16:07.585+05:30 DEBUG 6272 --- [           main] org.hibernate.type.BasicTypeRegistry     : Adding type registration OffsetDateTime -> basicType@2(java.time.OffsetDateTime,3003)
2024-06-02T19:16:07.586+05:30 DEBUG 6272 --- [           main] org.hibernate.type.BasicTypeRegistry     : Adding type registration java.time.OffsetDateTime -> basicType@2(java.time.OffsetDateTime,3003)
2024-06-02T19:16:07.586+05:30 DEBUG 6272 --- [           main] org.hibernate.type.BasicTypeRegistry     : Adding type registration org.hibernate.type.ZonedDateTimeType -> basicType@3(java.time.ZonedDateTime,3003)
2024-06-02T19:16:07.586+05:30 DEBUG 6272 --- [           main] org.hibernate.type.BasicTypeRegistry     : Adding type registration ZonedDateTime -> basicType@3(java.time.ZonedDateTime,3003)
2024-06-02T19:16:07.586+05:30 DEBUG 6272 --- [           main] org.hibernate.type.BasicTypeRegistry     : Adding type registration java.time.ZonedDateTime -> basicType@3(java.time.ZonedDateTime,3003)
2024-06-02T19:16:07.588+05:30 DEBUG 6272 --- [           main] org.hibernate.type.BasicTypeRegistry     : Adding type registration org.hibernate.type.OffsetTimeType -> basicType@4(java.time.OffsetTime,3007)
2024-06-02T19:16:07.589+05:30 DEBUG 6272 --- [           main] org.hibernate.type.BasicTypeRegistry     : Adding type registration OffsetTime -> basicType@4(java.time.OffsetTime,3007)
2024-06-02T19:16:07.589+05:30 DEBUG 6272 --- [           main] org.hibernate.type.BasicTypeRegistry     : Adding type registration java.time.OffsetTime -> basicType@4(java.time.OffsetTime,3007)
2024-06-02T19:16:07.591+05:30 DEBUG 6272 --- [           main] o.h.type.spi.TypeConfiguration$Scope     : Scoping TypeConfiguration [org.hibernate.type.spi.TypeConfiguration@286dfa20] to MetadataBuildingContext [org.hibernate.boot.internal.MetadataBuildingContextRootImpl@1468e880]
2024-06-02T19:16:13.970+05:30  INFO 6272 --- [           main] o.h.e.t.j.p.i.JtaPlatformInitiator       : HHH000489: No JTA platform available (set 'hibernate.transaction.jta.platform' to enable JTA platform integration)
2024-06-02T19:16:13.971+05:30 DEBUG 6272 --- [           main] o.h.type.spi.TypeConfiguration$Scope     : Scoping TypeConfiguration [org.hibernate.type.spi.TypeConfiguration@286dfa20] to SessionFactoryImplementor [org.hibernate.internal.SessionFactoryImpl@d3b0397]
2024-06-02T19:16:14.157+05:30 DEBUG 6272 --- [           main] org.hibernate.SQL                        : create table basket_item (id bigint not null auto_increment, quantity integer, pizza_id bigint not null, basket_id bigint not null, primary key (id)) engine=InnoDB
2024-06-02T19:16:15.295+05:30 DEBUG 6272 --- [           main] org.hibernate.SQL                        : create table orders (id bigint not null auto_increment, total_amount float(53), basket_id bigint, primary key (id)) engine=InnoDB
2024-06-02T19:16:15.484+05:30 DEBUG 6272 --- [           main] org.hibernate.SQL                        : create table pizza (id bigint not null auto_increment, name varchar(255), price float(53), size varchar(255), primary key (id)) engine=InnoDB
2024-06-02T19:16:15.638+05:30 DEBUG 6272 --- [           main] org.hibernate.SQL                        : create table shopping_basket (id bigint not null auto_increment, status varchar(255), total_amount float(53), primary key (id)) engine=InnoDB
2024-06-02T19:16:15.701+05:30 DEBUG 6272 --- [           main] org.hibernate.SQL                        : alter table basket_item add constraint FKt239rhbxr2jp4r5q69h2hxav2 foreign key (pizza_id) references pizza (id)
2024-06-02T19:16:16.156+05:30 DEBUG 6272 --- [           main] org.hibernate.SQL                        : alter table basket_item add constraint FK5s4k82i6ule27gojmkg35bybu foreign key (basket_id) references shopping_basket (id)
2024-06-02T19:16:16.757+05:30 DEBUG 6272 --- [           main] org.hibernate.SQL                        : alter table orders add constraint FKod9cabsesa8g65djpjvob124y foreign key (basket_id) references shopping_basket (id)
2024-06-02T19:16:17.056+05:30 TRACE 6272 --- [           main] o.h.type.spi.TypeConfiguration$Scope     : Handling #sessionFactoryCreated from [org.hibernate.internal.SessionFactoryImpl@d3b0397] for TypeConfiguration
2024-06-02T19:16:17.058+05:30  INFO 6272 --- [           main] j.LocalContainerEntityManagerFactoryBean : Initialized JPA EntityManagerFactory for persistence unit 'default'
2024-06-02T19:16:20.322+05:30  WARN 6272 --- [           main] JpaBaseConfiguration$JpaWebConfiguration : spring.jpa.open-in-view is enabled by default. Therefore, database queries may be performed during view rendering. Explicitly configure spring.jpa.open-in-view to disable this warning
2024-06-02T19:16:20.474+05:30  INFO 6272 --- [           main] o.s.b.a.w.s.WelcomePageHandlerMapping    : Adding welcome page template: index
2024-06-02T19:16:24.246+05:30  INFO 6272 --- [           main] o.s.b.a.e.web.EndpointLinksResolver      : Exposing 1 endpoint(s) beneath base path '/actuator'
2024-06-02T19:16:24.452+05:30  INFO 6272 --- [           main] c.i.p.PizzacreedApplicationTests         : Started PizzacreedApplicationTests in 30.539 seconds (process running for 34.07)
]]></system-out>
  </testcase>
</testsuite>